0 info it worked if it ends with ok
1 verbose cli [ 'C:\\Program Files\\nodejs\\node.exe',
1 verbose cli   'C:\\Program Files\\nodejs\\node_modules\\npm\\bin\\npm-cli.js',
1 verbose cli   'update' ]
2 info using npm@3.10.8
3 info using node@v6.9.1
4 silly mapToRegistry name axios
5 silly mapToRegistry using default registry
6 silly mapToRegistry registry https://registry.npmjs.org/
7 silly mapToRegistry data Result {
7 silly mapToRegistry   raw: 'axios',
7 silly mapToRegistry   scope: null,
7 silly mapToRegistry   escapedName: 'axios',
7 silly mapToRegistry   name: 'axios',
7 silly mapToRegistry   rawSpec: '',
7 silly mapToRegistry   spec: 'latest',
7 silly mapToRegistry   type: 'tag' }
8 silly mapToRegistry uri https://registry.npmjs.org/axios
9 silly mapToRegistry name body-parser
10 silly mapToRegistry using default registry
11 silly mapToRegistry registry https://registry.npmjs.org/
12 silly mapToRegistry data Result {
12 silly mapToRegistry   raw: 'body-parser',
12 silly mapToRegistry   scope: null,
12 silly mapToRegistry   escapedName: 'body-parser',
12 silly mapToRegistry   name: 'body-parser',
12 silly mapToRegistry   rawSpec: '',
12 silly mapToRegistry   spec: 'latest',
12 silly mapToRegistry   type: 'tag' }
13 silly mapToRegistry uri https://registry.npmjs.org/body-parser
14 silly mapToRegistry name cookie-parser
15 silly mapToRegistry using default registry
16 silly mapToRegistry registry https://registry.npmjs.org/
17 silly mapToRegistry data Result {
17 silly mapToRegistry   raw: 'cookie-parser',
17 silly mapToRegistry   scope: null,
17 silly mapToRegistry   escapedName: 'cookie-parser',
17 silly mapToRegistry   name: 'cookie-parser',
17 silly mapToRegistry   rawSpec: '',
17 silly mapToRegistry   spec: 'latest',
17 silly mapToRegistry   type: 'tag' }
18 silly mapToRegistry uri https://registry.npmjs.org/cookie-parser
19 silly mapToRegistry name debug
20 silly mapToRegistry using default registry
21 silly mapToRegistry registry https://registry.npmjs.org/
22 silly mapToRegistry data Result {
22 silly mapToRegistry   raw: 'debug',
22 silly mapToRegistry   scope: null,
22 silly mapToRegistry   escapedName: 'debug',
22 silly mapToRegistry   name: 'debug',
22 silly mapToRegistry   rawSpec: '',
22 silly mapToRegistry   spec: 'latest',
22 silly mapToRegistry   type: 'tag' }
23 silly mapToRegistry uri https://registry.npmjs.org/debug
24 silly mapToRegistry name express
25 silly mapToRegistry using default registry
26 silly mapToRegistry registry https://registry.npmjs.org/
27 silly mapToRegistry data Result {
27 silly mapToRegistry   raw: 'express',
27 silly mapToRegistry   scope: null,
27 silly mapToRegistry   escapedName: 'express',
27 silly mapToRegistry   name: 'express',
27 silly mapToRegistry   rawSpec: '',
27 silly mapToRegistry   spec: 'latest',
27 silly mapToRegistry   type: 'tag' }
28 silly mapToRegistry uri https://registry.npmjs.org/express
29 silly mapToRegistry name gettit
30 silly mapToRegistry using default registry
31 silly mapToRegistry registry https://registry.npmjs.org/
32 silly mapToRegistry data Result {
32 silly mapToRegistry   raw: 'gettit',
32 silly mapToRegistry   scope: null,
32 silly mapToRegistry   escapedName: 'gettit',
32 silly mapToRegistry   name: 'gettit',
32 silly mapToRegistry   rawSpec: '',
32 silly mapToRegistry   spec: 'latest',
32 silly mapToRegistry   type: 'tag' }
33 silly mapToRegistry uri https://registry.npmjs.org/gettit
34 silly mapToRegistry name jade
35 silly mapToRegistry using default registry
36 silly mapToRegistry registry https://registry.npmjs.org/
37 silly mapToRegistry data Result {
37 silly mapToRegistry   raw: 'jade',
37 silly mapToRegistry   scope: null,
37 silly mapToRegistry   escapedName: 'jade',
37 silly mapToRegistry   name: 'jade',
37 silly mapToRegistry   rawSpec: '',
37 silly mapToRegistry   spec: 'latest',
37 silly mapToRegistry   type: 'tag' }
38 silly mapToRegistry uri https://registry.npmjs.org/jade
39 silly mapToRegistry name jquery
40 silly mapToRegistry using default registry
41 silly mapToRegistry registry https://registry.npmjs.org/
42 silly mapToRegistry data Result {
42 silly mapToRegistry   raw: 'jquery',
42 silly mapToRegistry   scope: null,
42 silly mapToRegistry   escapedName: 'jquery',
42 silly mapToRegistry   name: 'jquery',
42 silly mapToRegistry   rawSpec: '',
42 silly mapToRegistry   spec: 'latest',
42 silly mapToRegistry   type: 'tag' }
43 silly mapToRegistry uri https://registry.npmjs.org/jquery
44 silly mapToRegistry name jsdom
45 silly mapToRegistry using default registry
46 silly mapToRegistry registry https://registry.npmjs.org/
47 silly mapToRegistry data Result {
47 silly mapToRegistry   raw: 'jsdom',
47 silly mapToRegistry   scope: null,
47 silly mapToRegistry   escapedName: 'jsdom',
47 silly mapToRegistry   name: 'jsdom',
47 silly mapToRegistry   rawSpec: '',
47 silly mapToRegistry   spec: 'latest',
47 silly mapToRegistry   type: 'tag' }
48 silly mapToRegistry uri https://registry.npmjs.org/jsdom
49 silly mapToRegistry name morgan
50 silly mapToRegistry using default registry
51 silly mapToRegistry registry https://registry.npmjs.org/
52 silly mapToRegistry data Result {
52 silly mapToRegistry   raw: 'morgan',
52 silly mapToRegistry   scope: null,
52 silly mapToRegistry   escapedName: 'morgan',
52 silly mapToRegistry   name: 'morgan',
52 silly mapToRegistry   rawSpec: '',
52 silly mapToRegistry   spec: 'latest',
52 silly mapToRegistry   type: 'tag' }
53 silly mapToRegistry uri https://registry.npmjs.org/morgan
54 silly mapToRegistry name nodemon
55 silly mapToRegistry using default registry
56 silly mapToRegistry registry https://registry.npmjs.org/
57 silly mapToRegistry data Result {
57 silly mapToRegistry   raw: 'nodemon',
57 silly mapToRegistry   scope: null,
57 silly mapToRegistry   escapedName: 'nodemon',
57 silly mapToRegistry   name: 'nodemon',
57 silly mapToRegistry   rawSpec: '',
57 silly mapToRegistry   spec: 'latest',
57 silly mapToRegistry   type: 'tag' }
58 silly mapToRegistry uri https://registry.npmjs.org/nodemon
59 silly mapToRegistry name serve-favicon
60 silly mapToRegistry using default registry
61 silly mapToRegistry registry https://registry.npmjs.org/
62 silly mapToRegistry data Result {
62 silly mapToRegistry   raw: 'serve-favicon',
62 silly mapToRegistry   scope: null,
62 silly mapToRegistry   escapedName: 'serve-favicon',
62 silly mapToRegistry   name: 'serve-favicon',
62 silly mapToRegistry   rawSpec: '',
62 silly mapToRegistry   spec: 'latest',
62 silly mapToRegistry   type: 'tag' }
63 silly mapToRegistry uri https://registry.npmjs.org/serve-favicon
64 silly mapToRegistry name stringify-object
65 silly mapToRegistry using default registry
66 silly mapToRegistry registry https://registry.npmjs.org/
67 silly mapToRegistry data Result {
67 silly mapToRegistry   raw: 'stringify-object',
67 silly mapToRegistry   scope: null,
67 silly mapToRegistry   escapedName: 'stringify-object',
67 silly mapToRegistry   name: 'stringify-object',
67 silly mapToRegistry   rawSpec: '',
67 silly mapToRegistry   spec: 'latest',
67 silly mapToRegistry   type: 'tag' }
68 silly mapToRegistry uri https://registry.npmjs.org/stringify-object
69 silly mapToRegistry name xml2js
70 silly mapToRegistry using default registry
71 silly mapToRegistry registry https://registry.npmjs.org/
72 silly mapToRegistry data Result {
72 silly mapToRegistry   raw: 'xml2js',
72 silly mapToRegistry   scope: null,
72 silly mapToRegistry   escapedName: 'xml2js',
72 silly mapToRegistry   name: 'xml2js',
72 silly mapToRegistry   rawSpec: '',
72 silly mapToRegistry   spec: 'latest',
72 silly mapToRegistry   type: 'tag' }
73 silly mapToRegistry uri https://registry.npmjs.org/xml2js
74 verbose request uri https://registry.npmjs.org/gettit
75 verbose request no auth needed
76 info attempt registry request try #1 at 3:05:03 PM
77 verbose request id 5c3bbebb28dab0ae
78 http request GET https://registry.npmjs.org/gettit
79 verbose request uri https://registry.npmjs.org/axios
80 verbose request no auth needed
81 info attempt registry request try #1 at 3:05:03 PM
82 verbose etag "5a63e076-190ba"
83 verbose lastModified Sun, 21 Jan 2018 0:36:06 GMT
84 http request GET https://registry.npmjs.org/axios
85 verbose request uri https://registry.npmjs.org/debug
86 verbose request no auth needed
87 info attempt registry request try #1 at 3:05:03 PM
88 verbose etag "5a614df5-192c2"
89 verbose lastModified Fri, 19 Jan 2018 1:46:29 GMT
90 http request GET https://registry.npmjs.org/debug
91 verbose request uri https://registry.npmjs.org/cookie-parser
92 verbose request no auth needed
93 info attempt registry request try #1 at 3:05:03 PM
94 verbose etag "5a597de0-6d09"
95 verbose lastModified Sat, 13 Jan 2018 3:32:48 GMT
96 http request GET https://registry.npmjs.org/cookie-parser
97 verbose request uri https://registry.npmjs.org/body-parser
98 verbose request no auth needed
99 info attempt registry request try #1 at 3:05:03 PM
100 verbose etag "5a626cc1-23635"
101 verbose lastModified Fri, 19 Jan 2018 22:10:09 GMT
102 http request GET https://registry.npmjs.org/body-parser
103 verbose request uri https://registry.npmjs.org/express
104 verbose request no auth needed
105 info attempt registry request try #1 at 3:05:03 PM
106 verbose etag "5a63bea2-93cb3"
107 verbose lastModified Sat, 20 Jan 2018 22:11:46 GMT
108 http request GET https://registry.npmjs.org/express
109 verbose request uri https://registry.npmjs.org/morgan
110 verbose request no auth needed
111 info attempt registry request try #1 at 3:05:03 PM
112 verbose etag "5a5f9837-e948"
113 verbose lastModified Wed, 17 Jan 2018 18:38:47 GMT
114 http request GET https://registry.npmjs.org/morgan
115 verbose request uri https://registry.npmjs.org/serve-favicon
116 verbose request no auth needed
117 info attempt registry request try #1 at 3:05:03 PM
118 verbose etag "5a599fee-9814"
119 verbose lastModified Sat, 13 Jan 2018 5:58:06 GMT
120 http request GET https://registry.npmjs.org/serve-favicon
121 verbose request uri https://registry.npmjs.org/jsdom
122 verbose request no auth needed
123 info attempt registry request try #1 at 3:05:03 PM
124 verbose etag "5a629f5a-9bfa3"
125 verbose lastModified Sat, 20 Jan 2018 1:46:02 GMT
126 http request GET https://registry.npmjs.org/jsdom
127 verbose request uri https://registry.npmjs.org/stringify-object
128 verbose request no auth needed
129 info attempt registry request try #1 at 3:05:03 PM
130 verbose etag "59c5ffa3-9206"
131 verbose lastModified Sat, 23 Sep 2017 6:30:59 GMT
132 http request GET https://registry.npmjs.org/stringify-object
133 verbose request uri https://registry.npmjs.org/nodemon
134 verbose request no auth needed
135 info attempt registry request try #1 at 3:05:03 PM
136 verbose etag "5a5e2d24-43a34"
137 verbose lastModified Tue, 16 Jan 2018 16:49:40 GMT
138 http request GET https://registry.npmjs.org/nodemon
139 verbose request uri https://registry.npmjs.org/xml2js
140 verbose request no auth needed
141 info attempt registry request try #1 at 3:05:03 PM
142 verbose etag "5a4891cf-21556"
143 verbose lastModified Sun, 31 Dec 2017 7:29:19 GMT
144 http request GET https://registry.npmjs.org/xml2js
145 verbose request uri https://registry.npmjs.org/jade
146 verbose request no auth needed
147 info attempt registry request try #1 at 3:05:03 PM
148 verbose etag "5a534ae6-27c04"
149 verbose lastModified Mon, 8 Jan 2018 10:41:42 GMT
150 http request GET https://registry.npmjs.org/jade
151 verbose request uri https://registry.npmjs.org/jquery
152 verbose request no auth needed
153 info attempt registry request try #1 at 3:05:03 PM
154 verbose etag "5a637bf2-17cf9"
155 verbose lastModified Sat, 20 Jan 2018 17:27:14 GMT
156 http request GET https://registry.npmjs.org/jquery
157 http 304 https://registry.npmjs.org/stringify-object
158 verbose headers { date: 'Wed, 31 Jan 2018 23:05:01 GMT',
158 verbose headers   via: '1.1 varnish',
158 verbose headers   'cache-control': 'max-age=300',
158 verbose headers   etag: '"59c5ffa3-9206"',
158 verbose headers   age: '4349',
158 verbose headers   connection: 'keep-alive',
158 verbose headers   'x-served-by': 'cache-pao17434-PAO',
158 verbose headers   'x-cache': 'HIT',
158 verbose headers   'x-cache-hits': '2',
158 verbose headers   'x-timer': 'S1517439901.158850,VS0,VE0',
158 verbose headers   vary: 'Accept-Encoding, Accept' }
159 silly get cb [ 304,
159 silly get   { date: 'Wed, 31 Jan 2018 23:05:01 GMT',
159 silly get     via: '1.1 varnish',
159 silly get     'cache-control': 'max-age=300',
159 silly get     etag: '"59c5ffa3-9206"',
159 silly get     age: '4349',
159 silly get     connection: 'keep-alive',
159 silly get     'x-served-by': 'cache-pao17434-PAO',
159 silly get     'x-cache': 'HIT',
159 silly get     'x-cache-hits': '2',
159 silly get     'x-timer': 'S1517439901.158850,VS0,VE0',
159 silly get     vary: 'Accept-Encoding, Accept' } ]
160 verbose etag https://registry.npmjs.org/stringify-object from cache
161 verbose get saving stringify-object to C:\Users\TBomb\AppData\Roaming\npm-cache\registry.npmjs.org\stringify-object\.cache.json
162 verbose correctMkdir C:\Users\TBomb\AppData\Roaming\npm-cache correctMkdir not in flight; initializing
163 http 304 https://registry.npmjs.org/xml2js
164 verbose headers { date: 'Wed, 31 Jan 2018 23:05:01 GMT',
164 verbose headers   via: '1.1 varnish',
164 verbose headers   'cache-control': 'max-age=300',
164 verbose headers   etag: '"5a4891cf-21556"',
164 verbose headers   age: '4122',
164 verbose headers   connection: 'keep-alive',
164 verbose headers   'x-served-by': 'cache-pao17440-PAO',
164 verbose headers   'x-cache': 'HIT',
164 verbose headers   'x-cache-hits': '7',
164 verbose headers   'x-timer': 'S1517439901.158882,VS0,VE0',
164 verbose headers   vary: 'Accept-Encoding, Accept' }
165 silly get cb [ 304,
165 silly get   { date: 'Wed, 31 Jan 2018 23:05:01 GMT',
165 silly get     via: '1.1 varnish',
165 silly get     'cache-control': 'max-age=300',
165 silly get     etag: '"5a4891cf-21556"',
165 silly get     age: '4122',
165 silly get     connection: 'keep-alive',
165 silly get     'x-served-by': 'cache-pao17440-PAO',
165 silly get     'x-cache': 'HIT',
165 silly get     'x-cache-hits': '7',
165 silly get     'x-timer': 'S1517439901.158882,VS0,VE0',
165 silly get     vary: 'Accept-Encoding, Accept' } ]
166 verbose etag https://registry.npmjs.org/xml2js from cache
167 verbose get saving xml2js to C:\Users\TBomb\AppData\Roaming\npm-cache\registry.npmjs.org\xml2js\.cache.json
168 verbose correctMkdir C:\Users\TBomb\AppData\Roaming\npm-cache correctMkdir not in flight; initializing
169 http 200 https://registry.npmjs.org/cookie-parser
170 verbose headers { 'content-type': 'application/json; charset=UTF-8',
170 verbose headers   server: 'UploadServer',
170 verbose headers   'cache-control': 'max-age=300',
170 verbose headers   'last-modified': 'Mon, 29 Jan 2018 19:56:28 GMT',
170 verbose headers   etag: '"5a6f7c6c-6d18"',
170 verbose headers   'content-encoding': 'gzip',
170 verbose headers   'content-length': '5173',
170 verbose headers   'accept-ranges': 'bytes',
170 verbose headers   date: 'Wed, 31 Jan 2018 23:05:01 GMT',
170 verbose headers   via: '1.1 varnish',
170 verbose headers   age: '9548',
170 verbose headers   connection: 'keep-alive',
170 verbose headers   'x-served-by': 'cache-pao17450-PAO',
170 verbose headers   'x-cache': 'HIT',
170 verbose headers   'x-cache-hits': '8',
170 verbose headers   'x-timer': 'S1517439901.154099,VS0,VE0',
170 verbose headers   vary: 'Accept-Encoding, Accept' }
171 silly get cb [ 200,
171 silly get   { 'content-type': 'application/json; charset=UTF-8',
171 silly get     server: 'UploadServer',
171 silly get     'cache-control': 'max-age=300',
171 silly get     'last-modified': 'Mon, 29 Jan 2018 19:56:28 GMT',
171 silly get     etag: '"5a6f7c6c-6d18"',
171 silly get     'content-encoding': 'gzip',
171 silly get     'content-length': '5173',
171 silly get     'accept-ranges': 'bytes',
171 silly get     date: 'Wed, 31 Jan 2018 23:05:01 GMT',
171 silly get     via: '1.1 varnish',
171 silly get     age: '9548',
171 silly get     connection: 'keep-alive',
171 silly get     'x-served-by': 'cache-pao17450-PAO',
171 silly get     'x-cache': 'HIT',
171 silly get     'x-cache-hits': '8',
171 silly get     'x-timer': 'S1517439901.154099,VS0,VE0',
171 silly get     vary: 'Accept-Encoding, Accept' } ]
172 verbose get saving cookie-parser to C:\Users\TBomb\AppData\Roaming\npm-cache\registry.npmjs.org\cookie-parser\.cache.json
173 verbose correctMkdir C:\Users\TBomb\AppData\Roaming\npm-cache correctMkdir not in flight; initializing
174 http 200 https://registry.npmjs.org/serve-favicon
175 verbose headers { 'content-type': 'application/json; charset=UTF-8',
175 verbose headers   server: 'UploadServer',
175 verbose headers   'cache-control': 'max-age=300',
175 verbose headers   'last-modified': 'Sun, 28 Jan 2018 6:11:56 GMT',
175 verbose headers   etag: '"5a6d69ac-9827"',
175 verbose headers   'content-encoding': 'gzip',
175 verbose headers   'content-length': '6282',
175 verbose headers   'accept-ranges': 'bytes',
175 verbose headers   date: 'Wed, 31 Jan 2018 23:05:01 GMT',
175 verbose headers   via: '1.1 varnish',
175 verbose headers   age: '13172',
175 verbose headers   connection: 'keep-alive',
175 verbose headers   'x-served-by': 'cache-pao17440-PAO',
175 verbose headers   'x-cache': 'HIT',
175 verbose headers   'x-cache-hits': '8',
175 verbose headers   'x-timer': 'S1517439901.153523,VS0,VE0',
175 verbose headers   vary: 'Accept-Encoding, Accept' }
176 silly get cb [ 200,
176 silly get   { 'content-type': 'application/json; charset=UTF-8',
176 silly get     server: 'UploadServer',
176 silly get     'cache-control': 'max-age=300',
176 silly get     'last-modified': 'Sun, 28 Jan 2018 6:11:56 GMT',
176 silly get     etag: '"5a6d69ac-9827"',
176 silly get     'content-encoding': 'gzip',
176 silly get     'content-length': '6282',
176 silly get     'accept-ranges': 'bytes',
176 silly get     date: 'Wed, 31 Jan 2018 23:05:01 GMT',
176 silly get     via: '1.1 varnish',
176 silly get     age: '13172',
176 silly get     connection: 'keep-alive',
176 silly get     'x-served-by': 'cache-pao17440-PAO',
176 silly get     'x-cache': 'HIT',
176 silly get     'x-cache-hits': '8',
176 silly get     'x-timer': 'S1517439901.153523,VS0,VE0',
176 silly get     vary: 'Accept-Encoding, Accept' } ]
177 verbose get saving serve-favicon to C:\Users\TBomb\AppData\Roaming\npm-cache\registry.npmjs.org\serve-favicon\.cache.json
178 verbose correctMkdir C:\Users\TBomb\AppData\Roaming\npm-cache correctMkdir not in flight; initializing
179 http 304 https://registry.npmjs.org/jade
180 verbose headers { date: 'Wed, 31 Jan 2018 23:05:01 GMT',
180 verbose headers   via: '1.1 varnish',
180 verbose headers   'cache-control': 'max-age=300',
180 verbose headers   etag: '"5a534ae6-27c04"',
180 verbose headers   age: '10830',
180 verbose headers   connection: 'keep-alive',
180 verbose headers   'x-served-by': 'cache-pao17431-PAO',
180 verbose headers   'x-cache': 'HIT',
180 verbose headers   'x-cache-hits': '8',
180 verbose headers   'x-timer': 'S1517439901.165261,VS0,VE0',
180 verbose headers   vary: 'Accept-Encoding, Accept' }
181 silly get cb [ 304,
181 silly get   { date: 'Wed, 31 Jan 2018 23:05:01 GMT',
181 silly get     via: '1.1 varnish',
181 silly get     'cache-control': 'max-age=300',
181 silly get     etag: '"5a534ae6-27c04"',
181 silly get     age: '10830',
181 silly get     connection: 'keep-alive',
181 silly get     'x-served-by': 'cache-pao17431-PAO',
181 silly get     'x-cache': 'HIT',
181 silly get     'x-cache-hits': '8',
181 silly get     'x-timer': 'S1517439901.165261,VS0,VE0',
181 silly get     vary: 'Accept-Encoding, Accept' } ]
182 verbose etag https://registry.npmjs.org/jade from cache
183 verbose get saving jade to C:\Users\TBomb\AppData\Roaming\npm-cache\registry.npmjs.org\jade\.cache.json
184 verbose correctMkdir C:\Users\TBomb\AppData\Roaming\npm-cache correctMkdir not in flight; initializing
185 http 200 https://registry.npmjs.org/morgan
186 verbose headers { 'content-type': 'application/json; charset=UTF-8',
186 verbose headers   server: 'UploadServer',
186 verbose headers   'cache-control': 'max-age=300',
186 verbose headers   'last-modified': 'Sun, 28 Jan 2018 8:32:55 GMT',
186 verbose headers   etag: '"5a6d8ab7-e96a"',
186 verbose headers   'content-encoding': 'gzip',
186 verbose headers   'content-length': '10629',
186 verbose headers   'accept-ranges': 'bytes',
186 verbose headers   date: 'Wed, 31 Jan 2018 23:05:01 GMT',
186 verbose headers   via: '1.1 varnish',
186 verbose headers   age: '7451',
186 verbose headers   connection: 'keep-alive',
186 verbose headers   'x-served-by': 'cache-pao17422-PAO',
186 verbose headers   'x-cache': 'HIT',
186 verbose headers   'x-cache-hits': '5',
186 verbose headers   'x-timer': 'S1517439901.158738,VS0,VE0',
186 verbose headers   vary: 'Accept-Encoding, Accept' }
187 silly get cb [ 200,
187 silly get   { 'content-type': 'application/json; charset=UTF-8',
187 silly get     server: 'UploadServer',
187 silly get     'cache-control': 'max-age=300',
187 silly get     'last-modified': 'Sun, 28 Jan 2018 8:32:55 GMT',
187 silly get     etag: '"5a6d8ab7-e96a"',
187 silly get     'content-encoding': 'gzip',
187 silly get     'content-length': '10629',
187 silly get     'accept-ranges': 'bytes',
187 silly get     date: 'Wed, 31 Jan 2018 23:05:01 GMT',
187 silly get     via: '1.1 varnish',
187 silly get     age: '7451',
187 silly get     connection: 'keep-alive',
187 silly get     'x-served-by': 'cache-pao17422-PAO',
187 silly get     'x-cache': 'HIT',
187 silly get     'x-cache-hits': '5',
187 silly get     'x-timer': 'S1517439901.158738,VS0,VE0',
187 silly get     vary: 'Accept-Encoding, Accept' } ]
188 verbose get saving morgan to C:\Users\TBomb\AppData\Roaming\npm-cache\registry.npmjs.org\morgan\.cache.json
189 verbose correctMkdir C:\Users\TBomb\AppData\Roaming\npm-cache correctMkdir not in flight; initializing
190 http 200 https://registry.npmjs.org/jquery
191 verbose headers { 'content-type': 'application/json; charset=UTF-8',
191 verbose headers   server: 'UploadServer',
191 verbose headers   'cache-control': 'max-age=300',
191 verbose headers   'last-modified': 'Tue, 23 Jan 2018 15:32:45 GMT',
191 verbose headers   etag: '"5a67559d-17d0b"',
191 verbose headers   'content-encoding': 'gzip',
191 verbose headers   'content-length': '11966',
191 verbose headers   'accept-ranges': 'bytes',
191 verbose headers   date: 'Wed, 31 Jan 2018 23:05:01 GMT',
191 verbose headers   via: '1.1 varnish',
191 verbose headers   age: '5518',
191 verbose headers   connection: 'keep-alive',
191 verbose headers   'x-served-by': 'cache-pao17434-PAO',
191 verbose headers   'x-cache': 'HIT',
191 verbose headers   'x-cache-hits': '4',
191 verbose headers   'x-timer': 'S1517439901.158872,VS0,VE0',
191 verbose headers   vary: 'Accept-Encoding, Accept' }
192 silly get cb [ 200,
192 silly get   { 'content-type': 'application/json; charset=UTF-8',
192 silly get     server: 'UploadServer',
192 silly get     'cache-control': 'max-age=300',
192 silly get     'last-modified': 'Tue, 23 Jan 2018 15:32:45 GMT',
192 silly get     etag: '"5a67559d-17d0b"',
192 silly get     'content-encoding': 'gzip',
192 silly get     'content-length': '11966',
192 silly get     'accept-ranges': 'bytes',
192 silly get     date: 'Wed, 31 Jan 2018 23:05:01 GMT',
192 silly get     via: '1.1 varnish',
192 silly get     age: '5518',
192 silly get     connection: 'keep-alive',
192 silly get     'x-served-by': 'cache-pao17434-PAO',
192 silly get     'x-cache': 'HIT',
192 silly get     'x-cache-hits': '4',
192 silly get     'x-timer': 'S1517439901.158872,VS0,VE0',
192 silly get     vary: 'Accept-Encoding, Accept' } ]
193 verbose get saving jquery to C:\Users\TBomb\AppData\Roaming\npm-cache\registry.npmjs.org\jquery\.cache.json
194 verbose correctMkdir C:\Users\TBomb\AppData\Roaming\npm-cache correctMkdir not in flight; initializing
195 http 200 https://registry.npmjs.org/debug
196 verbose headers { 'content-type': 'application/json; charset=UTF-8',
196 verbose headers   server: 'UploadServer',
196 verbose headers   'cache-control': 'max-age=300',
196 verbose headers   'last-modified': 'Tue, 30 Jan 2018 16:35:34 GMT',
196 verbose headers   etag: '"5a709ed6-192fb"',
196 verbose headers   'content-encoding': 'gzip',
196 verbose headers   'content-length': '17575',
196 verbose headers   'accept-ranges': 'bytes',
196 verbose headers   date: 'Wed, 31 Jan 2018 23:05:01 GMT',
196 verbose headers   via: '1.1 varnish',
196 verbose headers   age: '8930',
196 verbose headers   connection: 'keep-alive',
196 verbose headers   'x-served-by': 'cache-pao17445-PAO',
196 verbose headers   'x-cache': 'HIT',
196 verbose headers   'x-cache-hits': '53',
196 verbose headers   'x-timer': 'S1517439901.158842,VS0,VE0',
196 verbose headers   vary: 'Accept-Encoding, Accept' }
197 silly get cb [ 200,
197 silly get   { 'content-type': 'application/json; charset=UTF-8',
197 silly get     server: 'UploadServer',
197 silly get     'cache-control': 'max-age=300',
197 silly get     'last-modified': 'Tue, 30 Jan 2018 16:35:34 GMT',
197 silly get     etag: '"5a709ed6-192fb"',
197 silly get     'content-encoding': 'gzip',
197 silly get     'content-length': '17575',
197 silly get     'accept-ranges': 'bytes',
197 silly get     date: 'Wed, 31 Jan 2018 23:05:01 GMT',
197 silly get     via: '1.1 varnish',
197 silly get     age: '8930',
197 silly get     connection: 'keep-alive',
197 silly get     'x-served-by': 'cache-pao17445-PAO',
197 silly get     'x-cache': 'HIT',
197 silly get     'x-cache-hits': '53',
197 silly get     'x-timer': 'S1517439901.158842,VS0,VE0',
197 silly get     vary: 'Accept-Encoding, Accept' } ]
198 verbose get saving debug to C:\Users\TBomb\AppData\Roaming\npm-cache\registry.npmjs.org\debug\.cache.json
199 verbose correctMkdir C:\Users\TBomb\AppData\Roaming\npm-cache correctMkdir not in flight; initializing
200 http 200 https://registry.npmjs.org/body-parser
201 verbose headers { 'content-type': 'application/json; charset=UTF-8',
201 verbose headers   server: 'UploadServer',
201 verbose headers   'cache-control': 'max-age=300',
201 verbose headers   'last-modified': 'Wed, 31 Jan 2018 13:34:10 GMT',
201 verbose headers   etag: '"5a71c5d2-2367a"',
201 verbose headers   'content-encoding': 'gzip',
201 verbose headers   'content-length': '17090',
201 verbose headers   'accept-ranges': 'bytes',
201 verbose headers   date: 'Wed, 31 Jan 2018 23:05:01 GMT',
201 verbose headers   via: '1.1 varnish',
201 verbose headers   age: '5403',
201 verbose headers   connection: 'keep-alive',
201 verbose headers   'x-served-by': 'cache-pao17421-PAO',
201 verbose headers   'x-cache': 'HIT',
201 verbose headers   'x-cache-hits': '12',
201 verbose headers   'x-timer': 'S1517439901.158664,VS0,VE0',
201 verbose headers   vary: 'Accept-Encoding, Accept' }
202 silly get cb [ 200,
202 silly get   { 'content-type': 'application/json; charset=UTF-8',
202 silly get     server: 'UploadServer',
202 silly get     'cache-control': 'max-age=300',
202 silly get     'last-modified': 'Wed, 31 Jan 2018 13:34:10 GMT',
202 silly get     etag: '"5a71c5d2-2367a"',
202 silly get     'content-encoding': 'gzip',
202 silly get     'content-length': '17090',
202 silly get     'accept-ranges': 'bytes',
202 silly get     date: 'Wed, 31 Jan 2018 23:05:01 GMT',
202 silly get     via: '1.1 varnish',
202 silly get     age: '5403',
202 silly get     connection: 'keep-alive',
202 silly get     'x-served-by': 'cache-pao17421-PAO',
202 silly get     'x-cache': 'HIT',
202 silly get     'x-cache-hits': '12',
202 silly get     'x-timer': 'S1517439901.158664,VS0,VE0',
202 silly get     vary: 'Accept-Encoding, Accept' } ]
203 verbose get saving body-parser to C:\Users\TBomb\AppData\Roaming\npm-cache\registry.npmjs.org\body-parser\.cache.json
204 verbose correctMkdir C:\Users\TBomb\AppData\Roaming\npm-cache correctMkdir not in flight; initializing
205 http 200 https://registry.npmjs.org/nodemon
206 verbose headers { 'content-type': 'application/json; charset=UTF-8',
206 verbose headers   server: 'UploadServer',
206 verbose headers   'cache-control': 'max-age=300',
206 verbose headers   'last-modified': 'Tue, 30 Jan 2018 16:05:01 GMT',
206 verbose headers   etag: '"5a7097ad-43ab6"',
206 verbose headers   'content-encoding': 'gzip',
206 verbose headers   'content-length': '28042',
206 verbose headers   'accept-ranges': 'bytes',
206 verbose headers   date: 'Wed, 31 Jan 2018 23:05:01 GMT',
206 verbose headers   via: '1.1 varnish',
206 verbose headers   age: '7179',
206 verbose headers   connection: 'keep-alive',
206 verbose headers   'x-served-by': 'cache-pao17439-PAO',
206 verbose headers   'x-cache': 'HIT',
206 verbose headers   'x-cache-hits': '4',
206 verbose headers   'x-timer': 'S1517439901.159168,VS0,VE0',
206 verbose headers   vary: 'Accept-Encoding, Accept' }
207 silly get cb [ 200,
207 silly get   { 'content-type': 'application/json; charset=UTF-8',
207 silly get     server: 'UploadServer',
207 silly get     'cache-control': 'max-age=300',
207 silly get     'last-modified': 'Tue, 30 Jan 2018 16:05:01 GMT',
207 silly get     etag: '"5a7097ad-43ab6"',
207 silly get     'content-encoding': 'gzip',
207 silly get     'content-length': '28042',
207 silly get     'accept-ranges': 'bytes',
207 silly get     date: 'Wed, 31 Jan 2018 23:05:01 GMT',
207 silly get     via: '1.1 varnish',
207 silly get     age: '7179',
207 silly get     connection: 'keep-alive',
207 silly get     'x-served-by': 'cache-pao17439-PAO',
207 silly get     'x-cache': 'HIT',
207 silly get     'x-cache-hits': '4',
207 silly get     'x-timer': 'S1517439901.159168,VS0,VE0',
207 silly get     vary: 'Accept-Encoding, Accept' } ]
208 verbose get saving nodemon to C:\Users\TBomb\AppData\Roaming\npm-cache\registry.npmjs.org\nodemon\.cache.json
209 verbose correctMkdir C:\Users\TBomb\AppData\Roaming\npm-cache correctMkdir not in flight; initializing
210 http 200 https://registry.npmjs.org/jsdom
211 verbose headers { 'content-type': 'application/json; charset=UTF-8',
211 verbose headers   server: 'UploadServer',
211 verbose headers   'cache-control': 'max-age=300',
211 verbose headers   'last-modified': 'Tue, 30 Jan 2018 2:32:52 GMT',
211 verbose headers   etag: '"5a6fd954-9e9cd"',
211 verbose headers   'content-encoding': 'gzip',
211 verbose headers   'content-length': '39498',
211 verbose headers   'accept-ranges': 'bytes',
211 verbose headers   date: 'Wed, 31 Jan 2018 23:05:01 GMT',
211 verbose headers   via: '1.1 varnish',
211 verbose headers   age: '12233',
211 verbose headers   connection: 'keep-alive',
211 verbose headers   'x-served-by': 'cache-pao17421-PAO',
211 verbose headers   'x-cache': 'HIT',
211 verbose headers   'x-cache-hits': '5',
211 verbose headers   'x-timer': 'S1517439901.159639,VS0,VE0',
211 verbose headers   vary: 'Accept-Encoding, Accept' }
212 silly get cb [ 200,
212 silly get   { 'content-type': 'application/json; charset=UTF-8',
212 silly get     server: 'UploadServer',
212 silly get     'cache-control': 'max-age=300',
212 silly get     'last-modified': 'Tue, 30 Jan 2018 2:32:52 GMT',
212 silly get     etag: '"5a6fd954-9e9cd"',
212 silly get     'content-encoding': 'gzip',
212 silly get     'content-length': '39498',
212 silly get     'accept-ranges': 'bytes',
212 silly get     date: 'Wed, 31 Jan 2018 23:05:01 GMT',
212 silly get     via: '1.1 varnish',
212 silly get     age: '12233',
212 silly get     connection: 'keep-alive',
212 silly get     'x-served-by': 'cache-pao17421-PAO',
212 silly get     'x-cache': 'HIT',
212 silly get     'x-cache-hits': '5',
212 silly get     'x-timer': 'S1517439901.159639,VS0,VE0',
212 silly get     vary: 'Accept-Encoding, Accept' } ]
213 verbose get saving jsdom to C:\Users\TBomb\AppData\Roaming\npm-cache\registry.npmjs.org\jsdom\.cache.json
214 verbose correctMkdir C:\Users\TBomb\AppData\Roaming\npm-cache correctMkdir not in flight; initializing
215 http 200 https://registry.npmjs.org/express
216 verbose headers { 'content-type': 'application/json; charset=UTF-8',
216 verbose headers   server: 'UploadServer',
216 verbose headers   'cache-control': 'max-age=300',
216 verbose headers   'last-modified': 'Wed, 31 Jan 2018 13:33:55 GMT',
216 verbose headers   etag: '"5a71c5c3-93db8"',
216 verbose headers   'content-encoding': 'gzip',
216 verbose headers   'content-length': '48203',
216 verbose headers   'accept-ranges': 'bytes',
216 verbose headers   date: 'Wed, 31 Jan 2018 23:05:01 GMT',
216 verbose headers   via: '1.1 varnish',
216 verbose headers   age: '5407',
216 verbose headers   connection: 'keep-alive',
216 verbose headers   'x-served-by': 'cache-pao17424-PAO',
216 verbose headers   'x-cache': 'HIT',
216 verbose headers   'x-cache-hits': '11',
216 verbose headers   'x-timer': 'S1517439901.159902,VS0,VE0',
216 verbose headers   vary: 'Accept-Encoding, Accept' }
217 silly get cb [ 200,
217 silly get   { 'content-type': 'application/json; charset=UTF-8',
217 silly get     server: 'UploadServer',
217 silly get     'cache-control': 'max-age=300',
217 silly get     'last-modified': 'Wed, 31 Jan 2018 13:33:55 GMT',
217 silly get     etag: '"5a71c5c3-93db8"',
217 silly get     'content-encoding': 'gzip',
217 silly get     'content-length': '48203',
217 silly get     'accept-ranges': 'bytes',
217 silly get     date: 'Wed, 31 Jan 2018 23:05:01 GMT',
217 silly get     via: '1.1 varnish',
217 silly get     age: '5407',
217 silly get     connection: 'keep-alive',
217 silly get     'x-served-by': 'cache-pao17424-PAO',
217 silly get     'x-cache': 'HIT',
217 silly get     'x-cache-hits': '11',
217 silly get     'x-timer': 'S1517439901.159902,VS0,VE0',
217 silly get     vary: 'Accept-Encoding, Accept' } ]
218 verbose get saving express to C:\Users\TBomb\AppData\Roaming\npm-cache\registry.npmjs.org\express\.cache.json
219 verbose correctMkdir C:\Users\TBomb\AppData\Roaming\npm-cache correctMkdir not in flight; initializing
220 http 200 https://registry.npmjs.org/axios
221 verbose headers { 'content-type': 'application/json; charset=UTF-8',
221 verbose headers   server: 'UploadServer',
221 verbose headers   'cache-control': 'max-age=300',
221 verbose headers   'last-modified': 'Wed, 31 Jan 2018 8:00:47 GMT',
221 verbose headers   etag: '"5a7177af-19150"',
221 verbose headers   'content-encoding': 'gzip',
221 verbose headers   'content-length': '16076',
221 verbose headers   'accept-ranges': 'bytes',
221 verbose headers   date: 'Wed, 31 Jan 2018 23:05:01 GMT',
221 verbose headers   via: '1.1 varnish',
221 verbose headers   age: '9106',
221 verbose headers   connection: 'keep-alive',
221 verbose headers   'x-served-by': 'cache-pao17427-PAO',
221 verbose headers   'x-cache': 'HIT',
221 verbose headers   'x-cache-hits': '5',
221 verbose headers   'x-timer': 'S1517439901.154562,VS0,VE0',
221 verbose headers   vary: 'Accept-Encoding, Accept' }
222 silly get cb [ 200,
222 silly get   { 'content-type': 'application/json; charset=UTF-8',
222 silly get     server: 'UploadServer',
222 silly get     'cache-control': 'max-age=300',
222 silly get     'last-modified': 'Wed, 31 Jan 2018 8:00:47 GMT',
222 silly get     etag: '"5a7177af-19150"',
222 silly get     'content-encoding': 'gzip',
222 silly get     'content-length': '16076',
222 silly get     'accept-ranges': 'bytes',
222 silly get     date: 'Wed, 31 Jan 2018 23:05:01 GMT',
222 silly get     via: '1.1 varnish',
222 silly get     age: '9106',
222 silly get     connection: 'keep-alive',
222 silly get     'x-served-by': 'cache-pao17427-PAO',
222 silly get     'x-cache': 'HIT',
222 silly get     'x-cache-hits': '5',
222 silly get     'x-timer': 'S1517439901.154562,VS0,VE0',
222 silly get     vary: 'Accept-Encoding, Accept' } ]
223 verbose get saving axios to C:\Users\TBomb\AppData\Roaming\npm-cache\registry.npmjs.org\axios\.cache.json
224 verbose correctMkdir C:\Users\TBomb\AppData\Roaming\npm-cache correctMkdir not in flight; initializing
225 http 404 https://registry.npmjs.org/gettit
226 verbose headers { 'content-type': 'application/json',
226 verbose headers   'cache-control': 'max-age=0',
226 verbose headers   'content-length': '2',
226 verbose headers   'accept-ranges': 'bytes',
226 verbose headers   date: 'Wed, 31 Jan 2018 23:05:01 GMT',
226 verbose headers   via: '1.1 varnish',
226 verbose headers   connection: 'keep-alive',
226 verbose headers   'x-served-by': 'cache-pao17437-PAO',
226 verbose headers   'x-cache': 'MISS',
226 verbose headers   'x-cache-hits': '0',
226 verbose headers   'x-timer': 'S1517439901.158860,VS0,VE628',
226 verbose headers   vary: 'Accept-Encoding' }
227 silly get cb [ 404,
227 silly get   { 'content-type': 'application/json',
227 silly get     'cache-control': 'max-age=0',
227 silly get     'content-length': '2',
227 silly get     'accept-ranges': 'bytes',
227 silly get     date: 'Wed, 31 Jan 2018 23:05:01 GMT',
227 silly get     via: '1.1 varnish',
227 silly get     connection: 'keep-alive',
227 silly get     'x-served-by': 'cache-pao17437-PAO',
227 silly get     'x-cache': 'MISS',
227 silly get     'x-cache-hits': '0',
227 silly get     'x-timer': 'S1517439901.158860,VS0,VE628',
227 silly get     vary: 'Accept-Encoding' } ]
228 verbose stack Error: Registry returned 404 for GET on https://registry.npmjs.org/gettit
228 verbose stack     at makeError (C:\Program Files\nodejs\node_modules\npm\node_modules\npm-registry-client\lib\request.js:302:12)
228 verbose stack     at CachingRegistryClient.<anonymous> (C:\Program Files\nodejs\node_modules\npm\node_modules\npm-registry-client\lib\request.js:280:14)
228 verbose stack     at Request._callback (C:\Program Files\nodejs\node_modules\npm\node_modules\npm-registry-client\lib\request.js:210:14)
228 verbose stack     at Request.self.callback (C:\Program Files\nodejs\node_modules\npm\node_modules\request\request.js:187:22)
228 verbose stack     at emitTwo (events.js:106:13)
228 verbose stack     at Request.emit (events.js:191:7)
228 verbose stack     at Request.<anonymous> (C:\Program Files\nodejs\node_modules\npm\node_modules\request\request.js:1044:10)
228 verbose stack     at emitOne (events.js:96:13)
228 verbose stack     at Request.emit (events.js:188:7)
228 verbose stack     at IncomingMessage.<anonymous> (C:\Program Files\nodejs\node_modules\npm\node_modules\request\request.js:965:12)
229 verbose statusCode 404
230 verbose pkgid gettit
231 verbose cwd C:\niceknife
232 error Windows_NT 6.3.9600
233 error argv "C:\\Program Files\\nodejs\\node.exe" "C:\\Program Files\\nodejs\\node_modules\\npm\\bin\\npm-cli.js" "update"
234 error node v6.9.1
235 error npm  v3.10.8
236 error code E404
237 error 404 Registry returned 404 for GET on https://registry.npmjs.org/gettit
238 error 404
239 error 404 'gettit' is not in the npm registry.
240 error 404 You should bug the author to publish it (or use the name yourself!)
241 error 404 Note that you can also install from a
242 error 404 tarball, folder, http url, or git url.
243 verbose exit [ 1, true ]
